<?xml version="1.0" encoding="UTF-8"?>
<!-- Generated by org.testng.reporters.JUnitReportReporter -->
<testsuite hostname="DESKTOP-LDM8NKK" failures="0" tests="3" name="RESTFulTesting.DynamicJson" time="2.554" errors="0" timestamp="2024-11-23T18:22:11 IST" skipped="0">
  <testcase classname="RESTFulTesting.DynamicJson" name="addBook" time="2.264"/>
  <system-out/>
  <testcase classname="RESTFulTesting.DynamicJson" name="addBook" time="0.155"/>
  <system-out/>
  <testcase classname="RESTFulTesting.DynamicJson" name="addBook" time="0.135"/>
  <system-out/>
</testsuite> <!-- RESTFulTesting.DynamicJson -->
