<?xml version="1.0" encoding="UTF-8"?>
<!-- Generated by org.testng.reporters.JUnitReportReporter -->
<testsuite hostname="DESKTOP-LDM8NKK" failures="0" tests="1" name="RESTFulTesting.SumOfValidation" time="1.327" errors="0" timestamp="2024-11-23T14:02:47 IST" skipped="0">
  <testcase classname="RESTFulTesting.SumOfValidation" name="sumOfCourses" time="1.327"/>
  <system-out/>
</testsuite> <!-- RESTFulTesting.SumOfValidation -->
